<?xml version="1.0" encoding="UTF-8"?>
<testsuite xmlns:xsi="http://www.w3.org/2001/XMLSchema-instance" xsi:noNamespaceSchemaLocation="https://maven.apache.org/surefire/maven-surefire-plugin/xsd/surefire-test-report.xsd" version="3.0.2" name="com.example.genShop.GenShopApplicationTests" time="8.779" tests="1" errors="0" skipped="0" failures="0">
  <properties>
[...]
</properties>
  <testcase name="contextLoads" classname="com.example.genShop.GenShopApplicationTests" time="0.653">
    <system-out><![CDATA[18:18:20.775 [main] INFO org.springframework.test.context.support.AnnotationConfigContextLoaderUtils -- Could not detect default configuration classes for test class [com.example.genShop.GenShopApplicationTests]: GenShopApplicationTests does not declare any static, non-private, non-final, nested classes annotated with @Configuration.
18:18:20.968 [main] INFO org.springframework.boot.test.context.SpringBootTestContextBootstrapper -- Found @SpringBootConfiguration com.example.genShop.GenShopApplication for test class com.example.genShop.GenShopApplicationTests
18:18:21.201 [main] INFO org.springframework.boot.devtools.restart.RestartApplicationListener -- Restart disabled due to context in which it is running

  .   ____          _            __ _ _
 /\\ / ___'_ __ _ _(_)_ __  __ _ \ \ \ \
( ( )\___ | '_ | '_| | '_ \/ _` | \ \ \ \
 \\/  ___)| |_)| | | | | || (_| |  ) ) ) )
  '  |____| .__|_| |_|_| |_\__, | / / / /
 =========|_|==============|___/=/_/_/_/

 :: Spring Boot ::             (v4.0.0-M3)

2025-10-26T18:18:21.723+01:00  INFO 39222 --- [genShop] [           main] c.e.genShop.GenShopApplicationTests      : Starting GenShopApplicationTests using Java 25 with PID 39222 (started by root in /home/vero/genShop)
2025-10-26T18:18:21.727+01:00  INFO 39222 --- [genShop] [           main] c.e.genShop.GenShopApplicationTests      : The following 1 profile is active: "test"
2025-10-26T18:18:22.697+01:00  INFO 39222 --- [genShop] [           main] .s.d.r.c.RepositoryConfigurationDelegate : Bootstrapping Spring Data JPA repositories in DEFAULT mode.
2025-10-26T18:18:22.733+01:00  INFO 39222 --- [genShop] [           main] .s.d.r.c.RepositoryConfigurationDelegate : Finished Spring Data repository scanning in 22 ms. Found 0 JPA repository interfaces.
2025-10-26T18:18:23.551+01:00  INFO 39222 --- [genShop] [           main] o.hibernate.jpa.internal.util.LogHelper  : HHH000204: Processing PersistenceUnitInfo [name: default]
2025-10-26T18:18:23.665+01:00  INFO 39222 --- [genShop] [           main] org.hibernate.Version                    : HHH000412: Hibernate ORM core version 7.1.1.Final
2025-10-26T18:18:24.365+01:00  INFO 39222 --- [genShop] [           main] o.s.o.j.p.SpringPersistenceUnitInfo      : No LoadTimeWeaver setup: ignoring JPA class transformer
2025-10-26T18:18:24.436+01:00  INFO 39222 --- [genShop] [           main] com.zaxxer.hikari.HikariDataSource       : HikariPool-1 - Starting...
2025-10-26T18:18:26.360+01:00  INFO 39222 --- [genShop] [           main] com.zaxxer.hikari.pool.HikariPool        : HikariPool-1 - Added connection org.postgresql.jdbc.PgConnection@5bbf744b
2025-10-26T18:18:26.362+01:00  INFO 39222 --- [genShop] [           main] com.zaxxer.hikari.HikariDataSource       : HikariPool-1 - Start completed.
2025-10-26T18:18:26.439+01:00  WARN 39222 --- [genShop] [           main] org.hibernate.orm.deprecation            : HHH90000025: PostgreSQLDialect does not need to be specified explicitly using 'hibernate.dialect' (remove the property setting and it will be selected by default)
2025-10-26T18:18:26.679+01:00  INFO 39222 --- [genShop] [           main] org.hibernate.orm.connections.pooling    : HHH10001005: Database info:
	Database JDBC URL [jdbc:postgresql://dpg-d3sfese3jp1c738nl9sg-a.frankfurt-postgres.render.com/genshopdb]
	Database driver: PostgreSQL JDBC Driver
	Database dialect: PostgreSQLDialect
	Database version: 17.6
	Default catalog/schema: genshopdb/public
	Autocommit mode: undefined/unknown
	Isolation level: READ_COMMITTED [default READ_COMMITTED]
	JDBC fetch size: none
	Pool: DatasourceConnectionProviderImpl
	Minimum pool size: undefined/unknown
	Maximum pool size: undefined/unknown
2025-10-26T18:18:27.091+01:00  INFO 39222 --- [genShop] [           main] o.h.e.t.j.p.i.JtaPlatformInitiator       : HHH000490: Using JTA platform [org.hibernate.engine.transaction.jta.platform.internal.AtomikosJtaPlatform]
2025-10-26T18:18:27.105+01:00  INFO 39222 --- [genShop] [           main] j.LocalContainerEntityManagerFactoryBean : Initialized JPA EntityManagerFactory for persistence unit 'default'
2025-10-26T18:18:27.294+01:00  WARN 39222 --- [genShop] [           main] JpaBaseConfiguration$JpaWebConfiguration : spring.jpa.open-in-view is enabled by default. Therefore, database queries may be performed during view rendering. Explicitly configure spring.jpa.open-in-view to disable this warning
2025-10-26T18:18:27.737+01:00  WARN 39222 --- [genShop] [           main] ion$DefaultTemplateResolverConfiguration : Cannot find template location: classpath:/templates/ (please add some templates, check your Thymeleaf configuration, or set spring.thymeleaf.check-template-location=false)
2025-10-26T18:18:28.069+01:00  WARN 39222 --- [genShop] [           main] .a.s.UserDetailsServiceAutoConfiguration : 

Using generated security password: e7723d04-d55f-420d-8e72-44259b8523ac

This generated password is for development use only. Your security configuration must be updated before running your application in production.

2025-10-26T18:18:28.081+01:00  INFO 39222 --- [genShop] [           main] r$InitializeUserDetailsManagerConfigurer : Global AuthenticationManager configured with UserDetailsService bean with name inMemoryUserDetailsManager
2025-10-26T18:18:28.596+01:00  INFO 39222 --- [genShop] [           main] c.e.genShop.GenShopApplicationTests      : Started GenShopApplicationTests in 7.413 seconds (process running for 8.918)
]]></system-out>
    <system-err><![CDATA[Mockito is currently self-attaching to enable the inline-mock-maker. This will no longer work in future releases of the JDK. Please add Mockito as an agent to your build as described in Mockito's documentation: https://javadoc.io/doc/org.mockito/mockito-core/latest/org.mockito/org/mockito/Mockito.html#0.3
WARNING: A Java agent has been loaded dynamically (/root/.m2/repository/net/bytebuddy/byte-buddy-agent/1.17.7/byte-buddy-agent-1.17.7.jar)
WARNING: If a serviceability tool is in use, please run with -XX:+EnableDynamicAgentLoading to hide this warning
WARNING: If a serviceability tool is not in use, please run with -Djdk.instrument.traceUsage for more information
WARNING: Dynamic loading of agents will be disallowed by default in a future release
]]></system-err>
  </testcase>
</testsuite>